<?xml version="1.0" encoding="UTF-8" standalone="no"?><testsuite errors="0" failures="0" name="As Admin, I want to manage the event feature" skipped="0" tests="12" time="4.18" timestamp="2023-06-26 11:50:44"><testcase name="As admin, ensures that get user data"/><testcase name="As admin, ensures that new event can be added correctly"/><testcase name="As admin, ensures that new event can be added correctly"/><testcase name="As admin, I can get all event data"/><testcase name="As admin, I can edit event data by ID"/><testcase name="As admin, I can delete event data by ID"/><testcase name="As admin, ensures that get admin data"/><testcase name="As admin, ensures that new event can be added correctly"/><testcase name="As admin, ensures that new promo can be added correctly"/><testcase name="As admin, I can get all promo data"/><testcase name="As admin, I can edit promo data by ID"/><testcase name="As admin, I can delete event data by ID"/></testsuite>